=========================================================
Scheduler report file
Generated by stratus_hls 19.12-s100  (91710.131054)
On:          Thu Apr 14 13:43:30 2022
Project Dir: /home/m110/m110061422/EE6470/HW3/stratus
Module:      GaussianFilter
HLS Config:  BASIC
=========================================================
Scheduler report for : gen_prev_trig_reg                                                                          
----------------------------------------                                                                                            
                                                                                                                  
Op                    SID(BB;Clocked)  Pipeline Stage  IS     SRCLOC                                              
--                    ---------------  --------------  --     ------                                              
                                                                                                                  
o_result.m_req.gen_p  6 (5:FALSE)      --              FALSE  ../GaussianFilter.h,l:19,c:38                       
                                                                                                                  
o_result.m_req.gen_p  12 (11:FALSE)    --              FALSE  ../GaussianFilter.h,l:19,c:38                       
                                                                                                                  
o_result.m_req.gen_p  12 (11:FALSE)    --              FALSE  ../GaussianFilter.h,l:19,c:38                       
                                                                                                                  
                                                                                                                  
Scheduler report for : gen_active                                                                                 
---------------------------------                                                                                            
                                                                                                                  
Op                    SID(BB;Clocked)  Pipeline Stage  IS     SRCLOC                                              
--                    ---------------  --------------  --     ------                                              
                                                                                                                  
o_result.m_req.gen_a  4 (3:FALSE)      --              FALSE  ../GaussianFilter.h,l:19,c:38                       
                                                                                                                  
o_result.m_req.gen_a  4 (3:FALSE)      --              FALSE  ../GaussianFilter.h,l:19,c:38                       
                                                                                                                  
o_result.m_req.gen_a  4 (3:FALSE)      --              FALSE  ../GaussianFilter.h,l:19,c:38                       
                                                                                                                  
o_result.m_req.gen_a  4 (3:FALSE)      --              FALSE  ../GaussianFilter.h,l:19,c:38                       
                                                                                                                  
                                                                                                                  
Scheduler report for : gen_vld                                                                                    
------------------------------                                                                                            
                                                                                                                  
Op                    SID(BB;Clocked)  Pipeline Stage  IS     SRCLOC                                              
--                    ---------------  --------------  --     ------                                              
                                                                                                                  
o_result.gen_vld      4 (3:FALSE)      --              FALSE  ../GaussianFilter.h,l:19,c:38                       
                                                                                                                  
o_result.gen_vld      4 (3:FALSE)      --              FALSE  ../GaussianFilter.h,l:19,c:38                       
                                                                                                                  
o_result.gen_vld      4 (3:FALSE)      --              FALSE  ../GaussianFilter.h,l:19,c:38                       
                                                                                                                  
o_result.gen_vld      4 (3:FALSE)      --              FALSE  ../GaussianFilter.h,l:19,c:38                       
                                                                                                                  
                                                                                                                  
Scheduler report for : gen_next_trig_reg                                                                          
----------------------------------------                                                                                            
                                                                                                                  
Op                    SID(BB;Clocked)  Pipeline Stage  IS     SRCLOC                                              
--                    ---------------  --------------  --     ------                                              
                                                                                                                  
o_result.m_req.gen_n  3 (2:TRUE)       --              FALSE  ../GaussianFilter.h,l:19,c:38                       
                                                                                                                  
o_result.m_req.gen_n  3 (2:TRUE)       --              FALSE  ../GaussianFilter.h,l:19,c:38                       
                                                                                                                  
o_result.m_req.gen_n  3 (2:TRUE)       --              FALSE  ../GaussianFilter.h,l:19,c:38                       
                                                                                                                  
                                                                                                                  
Scheduler report for : gen_unvalidated_req                                                                        
------------------------------------------                                                                                            
                                                                                                                  
Op                    SID(BB;Clocked)  Pipeline Stage  IS     SRCLOC                                              
--                    ---------------  --------------  --     ------                                              
                                                                                                                  
i_rgb.gen_unvalidate  8 (7:FALSE)      --              FALSE  ../GaussianFilter.h,l:18,c:37                       
                                                                                                                  
i_rgb                 10 (9:FALSE)     --              FALSE  ../GaussianFilter.h,l:18,c:37                       
                                                                                                                  
i_rgb.gen_unvalidate  11 (10:TRUE)     --              FALSE  ../GaussianFilter.h,l:18,c:37                       
                                                                                                                  
i_rgb.gen_unvalidate  14 (13:FALSE)    --              FALSE  ../GaussianFilter.h,l:18,c:37                       
                                                                                                                  
i_rgb.gen_unvalidate  14 (13:FALSE)    --              FALSE  ../GaussianFilter.h,l:18,c:37                       
                                                                                                                  
i_rgb.gen_unvalidate  14 (13:FALSE)    --              FALSE  ../GaussianFilter.h,l:18,c:37                       
                                                                                                                  
i_rgb.gen_unvalidate  14 (13:FALSE)    --              FALSE  ../GaussianFilter.h,l:18,c:37                       
                                                                                                                  
                                                                                                                  
Scheduler report for : gen_do_stall_reg_full                                                                      
--------------------------------------------                                                                                            
                                                                                                                  
Op                    SID(BB;Clocked)  Pipeline Stage  IS     SRCLOC                                              
--                    ---------------  --------------  --     ------                                              
                                                                                                                  
i_rgb.gen_do_stall_r  6 (5:FALSE)      --              FALSE  ../GaussianFilter.h,l:18,c:37                       
                                                                                                                  
i_rgb.gen_do_stall_r  12 (11:FALSE)    --              FALSE  ../GaussianFilter.h,l:18,c:37                       
                                                                                                                  
i_rgb.gen_do_stall_r  12 (11:FALSE)    --              FALSE  ../GaussianFilter.h,l:18,c:37                       
                                                                                                                  
i_rgb.gen_do_stall_r  12 (11:FALSE)    --              FALSE  ../GaussianFilter.h,l:18,c:37                       
                                                                                                                  
i_rgb.gen_do_stall_r  12 (11:FALSE)    --              FALSE  ../GaussianFilter.h,l:18,c:37                       
                                                                                                                  
                                                                                                                  
Scheduler report for : do_filter                                                                                  
--------------------------------                                                                                            
                                                                                                                  
Op                    SID(BB;Clocked)  Pipeline Stage  IS     SRCLOC                                              
--                    ---------------  --------------  --     ------                                              
                                                                                                                  
i_rgb.m_busy_req_0.r  3 (2:FALSE)      --              FALSE  @(f:../GaussianFilter.h,l:18,c:37->f:/usr/cadtool/  
                                                                                                                  
i_rgb.m_stalling.res  3 (2:FALSE)      --              FALSE  @(f:../GaussianFilter.h,l:18,c:37->f:/usr/cadtool/  
                                                                                                                  
o_result.m_req.m_tri  3 (2:FALSE)      --              FALSE  @(f:../GaussianFilter.h,l:19,c:38->f:/usr/cadtool/  
                                                                                                                  
mask                  5 (4:FALSE)      --              FALSE  ../GaussianFilter.cpp,l:27,c:11 -> l:38,c:2         
                                                                                                                  
v                     5 (4:FALSE)      --              FALSE  ../GaussianFilter.cpp,l:42,c:21 -> c:23             
                                                                                                                  
val                   5 (4:FALSE)      --              FALSE  ../GaussianFilter.h,l:30,c:7                        
                                                                                                                  
val                   6 (5:FALSE)      --              FALSE  ../GaussianFilter.h,l:30,c:7                        
                                                                                                                  
v                     6 (5:FALSE)      --              FALSE  ../GaussianFilter.cpp,l:42,c:21 -> c:40             
                                                                                                                  
mask                  6 (5:FALSE)      --              FALSE  ../GaussianFilter.cpp,l:27,c:11 -> l:42,c:3         
                                                                                                                  
u                     6 (5:FALSE)      --              FALSE  ../GaussianFilter.cpp,l:43,c:22 -> c:24             
                                                                                                                  
                      6 (5:FALSE)      --              FALSE  f:../GaussianFilter.cpp,l:42,c:38                   
                                                                                                                  
val                   7 (6:FALSE)      --              FALSE  ../GaussianFilter.h,l:30,c:7                        
                                                                                                                  
u                     7 (6:FALSE)      --              FALSE  ../GaussianFilter.cpp,l:43,c:22 -> c:41             
                                                                                                                  
mask                  7 (6:FALSE)      --              FALSE  ../GaussianFilter.cpp,l:27,c:11 -> l:57,c:27        
                                                                                                                  
mask                  7 (6:FALSE)      --              FALSE  ../GaussianFilter.cpp,l:27,c:11 -> l:57,c:27        
                                                                                                                  
mask                  7 (6:FALSE)      --              FALSE  ../GaussianFilter.cpp,l:27,c:11 -> l:57,c:27        
                                                                                                                  
                      7 (6:FALSE)      --              FALSE  f:../GaussianFilter.cpp,l:43,c:39                   
                                                                                                                  
i_rgb.m_busy_req_0.g  8 (7:FALSE)      --              FALSE  @(f:../GaussianFilter.h,l:18,c:37->f:/usr/cadtool/  
                                                                                                                  
i_rgb                 10 (9:TRUE)      --              FALSE  ../GaussianFilter.h,l:18,c:37                       
                                                                                                                  
do_filter::get        10 (9:TRUE)      --              FALSE  ../GaussianFilter.cpp,l:29,c:22 mapped              
                                                                                                                  
i_rgb.m_busy_req_0.g  11 (10:FALSE)    --              FALSE  @(f:../GaussianFilter.h,l:18,c:37->f:/usr/cadtool/  
                                                                                                                  
i_rgb.data.get::nb_g  13 (12:FALSE)    --              FALSE  @(f:../GaussianFilter.h,l:18,c:37->f:/usr/cadtool/  
                                                                                                                  
                      13 (12:FALSE)    --              FALSE  f:../GaussianFilter.cpp,l:54,c:42                   
                                                                                                                  
                      14 (13:TRUE)     --              FALSE  f:../GaussianFilter.cpp,l:54,c:60                   
                                                                                                                  
mask                  14 (13:TRUE)     --              FALSE  ../GaussianFilter.cpp,l:27,c:11 -> l:57,c:27        
                                                                                                                  
                      14 (13:TRUE)     --              FALSE  f:../GaussianFilter.cpp,l:54,c:80                   
                                                                                                                  
                      14 (13:TRUE)     --              FALSE  f:../GaussianFilter.cpp,l:57,c:18                   
                                                                                                                  
                      15 (14:TRUE)     --              FALSE  f:../GaussianFilter.cpp,l:57,c:10                   
                                                                                                                  
                      15 (14:TRUE)     --              FALSE  f:../GaussianFilter.cpp,l:62,c:25                   
                                                                                                                  
                      16 (14:TRUE)     --              FALSE  f:../GaussianFilter.cpp,l:43,c:30                   
                                                                                                                  
                      16 (14:TRUE)     --              FALSE  f:../GaussianFilter.cpp,l:62,c:25                   
                                                                                                                  
                      18 (16:FALSE)    --              FALSE  f:../GaussianFilter.cpp,l:42,c:29                   
                                                                                                                  
                      21 (19:FALSE)    --              FALSE  f:../GaussianFilter.cpp,l:62,c:25                   
                                                                                                                  
o_result.data.put::n  21 (19:FALSE)    --              FALSE  @(f:../GaussianFilter.h,l:19,c:38->f:/usr/cadtool/  
                                                                                                                  
o_result              21 (19:FALSE)    --              FALSE  ../GaussianFilter.h,l:19,c:38                       
                                                                                                                  
o_result.m_req.m_tri  21 (19:FALSE)    --              FALSE  @(f:../GaussianFilter.h,l:19,c:38->f:/usr/cadtool/  
                                                                                                                  
o_result              23 (21:TRUE)     --              FALSE  ../GaussianFilter.h,l:19,c:38                       
                                                                                                                  
do_filter::put        23 (21:TRUE)     --              FALSE  ../GaussianFilter.cpp,l:29,c:22 mapped              
                                                                                                                  
                                                                                                                  
Scheduler report for : gen_stalling                                                                               
-----------------------------------                                                                                            
                                                                                                                  
Op                    SID(BB;Clocked)  Pipeline Stage  IS     SRCLOC                                              
--                    ---------------  --------------  --     ------                                              
                                                                                                                  
o_result.gen_stallin  5 (4:TRUE)       --              FALSE  ../GaussianFilter.h,l:19,c:38                       
                                                                                                                  
o_result.gen_stallin  6 (5:FALSE)      --              FALSE  ../GaussianFilter.h,l:19,c:38                       
                                                                                                                  
o_result.gen_stallin  6 (5:FALSE)      --              FALSE  ../GaussianFilter.h,l:19,c:38                       
                                                                                                                  
o_result.gen_stallin  6 (5:FALSE)      --              FALSE  ../GaussianFilter.h,l:19,c:38                       
                                                                                                                  
                                                                                                                  
Scheduler report for : gen_unacked_req                                                                            
--------------------------------------                                                                                            
                                                                                                                  
Op                    SID(BB;Clocked)  Pipeline Stage  IS     SRCLOC                                              
--                    ---------------  --------------  --     ------                                              
                                                                                                                  
o_result.gen_unacked  6 (5:FALSE)      --              FALSE  ../GaussianFilter.h,l:19,c:38                       
                                                                                                                  
o_result.gen_unacked  12 (11:FALSE)    --              FALSE  ../GaussianFilter.h,l:19,c:38                       
                                                                                                                  
o_result.gen_unacked  12 (11:FALSE)    --              FALSE  ../GaussianFilter.h,l:19,c:38                       
                                                                                                                  
                                                                                                                  
Scheduler report for : gen_do_reg_vld                                                                             
-------------------------------------                                                                                            
                                                                                                                  
Op                    SID(BB;Clocked)  Pipeline Stage  IS     SRCLOC                                              
--                    ---------------  --------------  --     ------                                              
                                                                                                                  
i_rgb.gen_do_reg_vld  8 (7:FALSE)      --              FALSE  ../GaussianFilter.h,l:18,c:37                       
                                                                                                                  
i_rgb                 10 (9:FALSE)     --              FALSE  ../GaussianFilter.h,l:18,c:37                       
                                                                                                                  
i_rgb.gen_do_reg_vld  11 (10:TRUE)     --              FALSE  ../GaussianFilter.h,l:18,c:37                       
                                                                                                                  
i_rgb.gen_do_reg_vld  14 (13:FALSE)    --              FALSE  ../GaussianFilter.h,l:18,c:37                       
                                                                                                                  
i_rgb.gen_do_reg_vld  14 (13:FALSE)    --              FALSE  ../GaussianFilter.h,l:18,c:37                       
                                                                                                                  
i_rgb.gen_do_reg_vld  14 (13:FALSE)    --              FALSE  ../GaussianFilter.h,l:18,c:37                       
                                                                                                                  
i_rgb.gen_do_reg_vld  14 (13:FALSE)    --              FALSE  ../GaussianFilter.h,l:18,c:37                       
                                                                                                                  
                                                                                                                  
Scheduler report for : gen_busy                                                                                   
-------------------------------                                                                                            
                                                                                                                  
Op                    SID(BB;Clocked)  Pipeline Stage  IS     SRCLOC                                              
--                    ---------------  --------------  --     ------                                              
                                                                                                                  
i_rgb.gen_busy::use_  7 (6:FALSE)      --              FALSE  ../GaussianFilter.h,l:18,c:37                       
                                                                                                                  
i_rgb.gen_busy        7 (6:FALSE)      --              FALSE  ../GaussianFilter.h,l:18,c:37                       
                                                                                                                  
i_rgb.gen_busy        7 (6:FALSE)      --              FALSE  ../GaussianFilter.h,l:18,c:37                       
                                                                                                                  
i_rgb.gen_busy        7 (6:FALSE)      --              FALSE  ../GaussianFilter.h,l:18,c:37                       
                                                                                                                  
i_rgb.gen_busy        7 (6:FALSE)      --              FALSE  ../GaussianFilter.h,l:18,c:37                       
                                                                                                                  
i_rgb.gen_busy        7 (6:FALSE)      --              FALSE  ../GaussianFilter.h,l:18,c:37                       
                                                                                                                  
i_rgb.gen_busy        7 (6:FALSE)      --              FALSE  ../GaussianFilter.h,l:18,c:37                       
                                                                                                                  
i_rgb.gen_busy        8 (7:FALSE)      --              FALSE  ../GaussianFilter.h,l:18,c:37                       
                                                                                                                  
i_rgb.gen_busy        8 (7:FALSE)      --              FALSE  ../GaussianFilter.h,l:18,c:37                       
                                                                                                                  
i_rgb.gen_busy        8 (7:FALSE)      --              FALSE  ../GaussianFilter.h,l:18,c:37                       
                                                                                                                  
i_rgb.gen_busy        8 (7:FALSE)      --              FALSE  ../GaussianFilter.h,l:18,c:37                       
                                                                                                                  
                                                                                                                  
