Operating system Centos 7,
 GCC 7.3.0,
 and Cadence NC/IUS 15.20
are a supported combination.
irun(64): 15.20-s084: (c) Copyright 1995-2020 Cadence Design Systems, Inc.
file: bdw_work/sims/top_V_DPA.v
	module worklib.top:v
		errors: 0, warnings: 0
file: bdw_work/wrappers/GaussianFilter_cosim.v
	module worklib.GaussianFilter_cosim:v
		errors: 0, warnings: 0
file: bdw_work/modules/GaussianFilter/DPA/GaussianFilter_rtl.v
	module worklib.GaussianFilter:v
		errors: 0, warnings: 0
file: bdw_work/modules/GaussianFilter/DPA/v_rtl/GaussianFilter_ROM_9X32_mask.v
	module worklib.GaussianFilter_ROM_9X32_mask:v
		errors: 0, warnings: 0
ncvlog: *W,SPDUSD: Include directory bdw_work/wrappers given but not used.
	Total errors/warnings found outside modules and primitives:
		errors: 0, warnings: 1
*** Registering Hub PLI1.0 Interface***
		Caching library 'worklib' ....... Done
	Elaborating the design hierarchy:
	Top level design units:
		top
	Building instance overlay tables: ....................
            $readmemh("bdw_work/modules/GaussianFilter/DPA/GaussianFilter_ROM_9X32_mask_0.memh", mask);
                                                                                                    |
ncelab: *W,MEMODR (./bdw_work/modules/GaussianFilter/DPA/v_rtl/GaussianFilter_ROM_9X32_mask.v,17|100): $readmem default memory order incompatible with IEEE1364.
 Done
	Generating native compiled code:
		worklib.GaussianFilter:v <0x6457f313>
			streams:  37, words: 11225
		worklib.GaussianFilter_ROM_9X32_mask:v <0x64829c6e>
			streams:   3, words:   924
		worklib.top:v <0x054bcb3a>
			streams: 114, words: 98503
	Building instance specific data structures.
	Loading native compiled code:     .................... Done
	Design hierarchy summary:
		                 Instances  Unique
		Modules:                 4       4
		Registers:             139     139
		Scalar wires:           18       -
		Vectored wires:         15       -
		Always blocks:          23      23
		Initial blocks:          8       8
		Cont. assignments:      17      26
		Pseudo assignments:      5       5
		Simulation timescale:  1ps
	Writing initial simulation snapshot: worklib.top:v
Loading snapshot worklib.top:v .................... Done
*Verdi* Loading libsscore_ius152.so
*** Registering Hub PLI1.0 Interface***
ncsim> source /usr/cad/cadence/INCISIV/INCISIVE_15.20.084/tools/inca/files/ncsimrc
ncsim> 
ncsim> run

        SystemC 2.3.1-Accellera --- Feb 14 2019 12:08:38
        Copyright (c) 1996-2014 by all Contributors,
        ALL RIGHTS RESERVED
NOTE: Cadence Design Systems Hub Simulation Platform : version 19.12-s100

Info: (I804) /IEEE_Std_1666/deprecated: deprecated constructor: sc_time(uint64,bool)

Info: /OSCI/SystemC: Simulation stopped by user.
Simulation stopped via $stop(1) at time 13107255100 PS + 0
./bdw_work/sims/top_V_DPA.v:63 		#100 $stop;
ncsim> quit
Total run time = 13107190 ns
